<?xml version="1.0" encoding="UTF-8" ?>
<testsuite failures="0" time="1.054" errors="1" skipped="0" tests="2" name="terence.web.HomeControllerTest">
  <properties>
    <property name="java.runtime.name" value="Java(TM) SE Runtime Environment"/>
    <property name="sun.boot.library.path" value="E:\Java\jdk1.7.0_45\jre\bin"/>
    <property name="java.vm.version" value="24.45-b08"/>
    <property name="java.vm.vendor" value="Oracle Corporation"/>
    <property name="java.vendor.url" value="http://java.oracle.com/"/>
    <property name="path.separator" value=";"/>
    <property name="guice.disable.misplaced.annotation.check" value="true"/>
    <property name="java.vm.name" value="Java HotSpot(TM) 64-Bit Server VM"/>
    <property name="file.encoding.pkg" value="sun.io"/>
    <property name="user.script" value=""/>
    <property name="user.country" value="CN"/>
    <property name="sun.java.launcher" value="SUN_STANDARD"/>
    <property name="sun.os.patch.level" value="Service Pack 1"/>
    <property name="java.vm.specification.name" value="Java Virtual Machine Specification"/>
    <property name="user.dir" value="J:\work\workspace\springmvc"/>
    <property name="java.runtime.version" value="1.7.0_45-b18"/>
    <property name="java.awt.graphicsenv" value="sun.awt.Win32GraphicsEnvironment"/>
    <property name="java.endorsed.dirs" value="E:\Java\jdk1.7.0_45\jre\lib\endorsed"/>
    <property name="os.arch" value="amd64"/>
    <property name="java.io.tmpdir" value="C:\Users\Y\AppData\Local\Temp\"/>
    <property name="line.separator" value="
"/>
    <property name="java.vm.specification.vendor" value="Oracle Corporation"/>
    <property name="user.variant" value=""/>
    <property name="os.name" value="Windows 7"/>
    <property name="classworlds.conf" value="J:\work\workspace\.metadata\.plugins\org.eclipse.m2e.launching\launches\m2conf1008043273341778064.tmp"/>
    <property name="sun.jnu.encoding" value="GBK"/>
    <property name="java.library.path" value="E:\Java\jdk1.7.0_45\bin;C:\windows\Sun\Java\bin;C:\windows\system32;C:\windows;C:\Program Files (x86)\Intel\iCLS Client\;C:\Program Files\Intel\iCLS Client\;C:\windows\system32;C:\windows;C:\windows\System32\Wbem;C:\windows\System32\WindowsPowerShell\v1.0\;C:\Program Files (x86)\Intel\Intel(R) Management Engine Components\DAL;C:\Program Files\Intel\Intel(R) Management Engine Components\DAL;C:\Program Files (x86)\Intel\Intel(R) Management Engine Components\IPT;C:\Program Files\Intel\Intel(R) Management Engine Components\IPT;E:\Java\jdk1.7.0_45\bin;E:\Java\jdk1.7.0_45\jre\bin;J:\work\apache-maven-3.2.3\bin;J:\work\MySQL\MySQL Server 5.6\bin;J:\work\Git\cmd;J:\work\TortoiseGit\bin;."/>
    <property name="java.specification.name" value="Java Platform API Specification"/>
    <property name="java.class.version" value="51.0"/>
    <property name="sun.management.compiler" value="HotSpot 64-Bit Tiered Compilers"/>
    <property name="os.version" value="6.1"/>
    <property name="user.home" value="C:\Users\Y"/>
    <property name="user.timezone" value="Asia/Shanghai"/>
    <property name="java.awt.printerjob" value="sun.awt.windows.WPrinterJob"/>
    <property name="java.specification.version" value="1.7"/>
    <property name="file.encoding" value="UTF-8"/>
    <property name="user.name" value="Terence"/>
    <property name="java.class.path" value="J:\work\apache-maven-3.2.3\boot\plexus-classworlds-2.5.1.jar"/>
    <property name="java.vm.specification.version" value="1.7"/>
    <property name="sun.arch.data.model" value="64"/>
    <property name="java.home" value="E:\Java\jdk1.7.0_45\jre"/>
    <property name="sun.java.command" value="org.codehaus.plexus.classworlds.launcher.Launcher -B -s J:\work\apache-maven-3.2.3\conf\settings.xml install"/>
    <property name="java.specification.vendor" value="Oracle Corporation"/>
    <property name="user.language" value="zh"/>
    <property name="awt.toolkit" value="sun.awt.windows.WToolkit"/>
    <property name="java.vm.info" value="mixed mode"/>
    <property name="java.version" value="1.7.0_45"/>
    <property name="java.ext.dirs" value="E:\Java\jdk1.7.0_45\jre\lib\ext;C:\windows\Sun\Java\lib\ext"/>
    <property name="sun.boot.class.path" value="E:\Java\jdk1.7.0_45\jre\lib\resources.jar;E:\Java\jdk1.7.0_45\jre\lib\rt.jar;E:\Java\jdk1.7.0_45\jre\lib\sunrsasign.jar;E:\Java\jdk1.7.0_45\jre\lib\jsse.jar;E:\Java\jdk1.7.0_45\jre\lib\jce.jar;E:\Java\jdk1.7.0_45\jre\lib\charsets.jar;E:\Java\jdk1.7.0_45\jre\lib\jfr.jar;E:\Java\jdk1.7.0_45\jre\classes"/>
    <property name="java.vendor" value="Oracle Corporation"/>
    <property name="maven.home" value="J:\work\apache-maven-3.2.3"/>
    <property name="file.separator" value="\"/>
    <property name="java.vendor.url.bug" value="http://bugreport.sun.com/bugreport/"/>
    <property name="sun.cpu.endian" value="little"/>
    <property name="sun.io.unicode.encoding" value="UnicodeLittle"/>
    <property name="sun.desktop" value="windows"/>
    <property name="sun.cpu.isalist" value="amd64"/>
  </properties>
  <testcase time="1.054" classname="terence.web.HomeControllerTest" name="test">
    <error message="org.springframework.util.StreamUtils.emptyInput()Ljava/io/InputStream;" type="java.lang.NoSuchMethodError">java.lang.NoSuchMethodError: org.springframework.util.StreamUtils.emptyInput()Ljava/io/InputStream;
	at org.springframework.mock.web.MockHttpServletRequest.&lt;clinit&gt;(MockHttpServletRequest.java:125)
	at org.springframework.test.web.servlet.request.MockHttpServletRequestBuilder.createServletRequest(MockHttpServletRequestBuilder.java:676)
	at org.springframework.test.web.servlet.request.MockHttpServletRequestBuilder.buildRequest(MockHttpServletRequestBuilder.java:587)
	at org.springframework.test.web.servlet.MockMvc.perform(MockMvc.java:141)
	at terence.web.HomeControllerTest.test(HomeControllerTest.java:23)
	at sun.reflect.NativeMethodAccessorImpl.invoke0(Native Method)
	at sun.reflect.NativeMethodAccessorImpl.invoke(NativeMethodAccessorImpl.java:57)
	at sun.reflect.DelegatingMethodAccessorImpl.invoke(DelegatingMethodAccessorImpl.java:43)
	at java.lang.reflect.Method.invoke(Method.java:606)
	at org.junit.runners.model.FrameworkMethod$1.runReflectiveCall(FrameworkMethod.java:45)
	at org.junit.internal.runners.model.ReflectiveCallable.run(ReflectiveCallable.java:15)
	at org.junit.runners.model.FrameworkMethod.invokeExplosively(FrameworkMethod.java:42)
	at org.junit.internal.runners.statements.InvokeMethod.evaluate(InvokeMethod.java:20)
	at org.junit.runners.ParentRunner.runLeaf(ParentRunner.java:263)
	at org.junit.runners.BlockJUnit4ClassRunner.runChild(BlockJUnit4ClassRunner.java:68)
	at org.junit.runners.BlockJUnit4ClassRunner.runChild(BlockJUnit4ClassRunner.java:47)
	at org.junit.runners.ParentRunner$3.run(ParentRunner.java:231)
	at org.junit.runners.ParentRunner$1.schedule(ParentRunner.java:60)
	at org.junit.runners.ParentRunner.runChildren(ParentRunner.java:229)
	at org.junit.runners.ParentRunner.access$000(ParentRunner.java:50)
	at org.junit.runners.ParentRunner$2.evaluate(ParentRunner.java:222)
	at org.junit.runners.ParentRunner.run(ParentRunner.java:300)
	at org.apache.maven.surefire.junit4.JUnit4Provider.execute(JUnit4Provider.java:252)
	at org.apache.maven.surefire.junit4.JUnit4Provider.executeTestSet(JUnit4Provider.java:141)
	at org.apache.maven.surefire.junit4.JUnit4Provider.invoke(JUnit4Provider.java:112)
	at sun.reflect.NativeMethodAccessorImpl.invoke0(Native Method)
	at sun.reflect.NativeMethodAccessorImpl.invoke(NativeMethodAccessorImpl.java:57)
	at sun.reflect.DelegatingMethodAccessorImpl.invoke(DelegatingMethodAccessorImpl.java:43)
	at java.lang.reflect.Method.invoke(Method.java:606)
	at org.apache.maven.surefire.util.ReflectionUtils.invokeMethodWithArray(ReflectionUtils.java:189)
	at org.apache.maven.surefire.booter.ProviderFactory$ProviderProxy.invoke(ProviderFactory.java:165)
	at org.apache.maven.surefire.booter.ProviderFactory.invokeProvider(ProviderFactory.java:85)
	at org.apache.maven.surefire.booter.ForkedBooter.runSuitesInProcess(ForkedBooter.java:115)
	at org.apache.maven.surefire.booter.ForkedBooter.main(ForkedBooter.java:75)
</error>
    <system-out>2016-12-01 22:53:29,803 [main] [org.springframework.core.env.StandardEnvironment]-[DEBUG] Adding [systemProperties] PropertySource with lowest search precedence
2016-12-01 22:53:29,807 [main] [org.springframework.core.env.StandardEnvironment]-[DEBUG] Adding [systemEnvironment] PropertySource with lowest search precedence
2016-12-01 22:53:29,807 [main] [org.springframework.core.env.StandardEnvironment]-[DEBUG] Initialized StandardEnvironment with PropertySources [systemProperties,systemEnvironment]
2016-12-01 22:53:29,905 [main] [org.springframework.test.web.servlet.setup.StandaloneMockMvcBuilder$StaticRequestMappingHandlerMapping]-[DEBUG] Looking for request mappings in application context: org.springframework.test.web.servlet.setup.StubWebApplicationContext@678d19b7
2016-12-01 22:53:29,930 [main] [org.springframework.test.web.servlet.setup.StandaloneMockMvcBuilder$StaticRequestMappingHandlerMapping]-[INFO] Mapped &quot;{[/],methods=[GET],params=[],headers=[],consumes=[],produces=[],custom=[]}&quot; onto public java.lang.String terence.web.HomeController.home()
2016-12-01 22:53:30,376 [main] [org.springframework.web.servlet.mvc.method.annotation.RequestMappingHandlerAdapter]-[INFO] Looking for @ControllerAdvice: org.springframework.test.web.servlet.setup.StubWebApplicationContext@678d19b7
2016-12-01 22:53:30,419 [main] [org.springframework.web.servlet.mvc.method.annotation.ExceptionHandlerExceptionResolver]-[DEBUG] Looking for exception mappings: org.springframework.test.web.servlet.setup.StubWebApplicationContext@678d19b7
2016-12-01 22:53:30,478 [main] [org.springframework.test.web.servlet.TestDispatcherServlet]-[DEBUG] Initializing servlet &apos;&apos;
2016-12-01 22:53:30,496 [main] [org.springframework.web.context.support.StandardServletEnvironment]-[DEBUG] Adding [servletConfigInitParams] PropertySource with lowest search precedence
2016-12-01 22:53:30,496 [main] [org.springframework.web.context.support.StandardServletEnvironment]-[DEBUG] Adding [servletContextInitParams] PropertySource with lowest search precedence
2016-12-01 22:53:30,530 [main] [org.springframework.web.context.support.StandardServletEnvironment]-[DEBUG] Adding [systemProperties] PropertySource with lowest search precedence
2016-12-01 22:53:30,530 [main] [org.springframework.web.context.support.StandardServletEnvironment]-[DEBUG] Adding [systemEnvironment] PropertySource with lowest search precedence
2016-12-01 22:53:30,531 [main] [org.springframework.web.context.support.StandardServletEnvironment]-[DEBUG] Initialized StandardServletEnvironment with PropertySources [servletConfigInitParams,servletContextInitParams,systemProperties,systemEnvironment]
2016-12-01 22:53:30,531 [main] [org.springframework.mock.web.MockServletContext]-[INFO] Initializing Spring FrameworkServlet &apos;&apos;
2016-12-01 22:53:30,531 [main] [org.springframework.test.web.servlet.TestDispatcherServlet]-[INFO] FrameworkServlet &apos;&apos;: initialization started
2016-12-01 22:53:30,533 [main] [org.springframework.test.web.servlet.TestDispatcherServlet]-[DEBUG] Unable to locate MultipartResolver with name &apos;multipartResolver&apos;: no multipart request handling provided
2016-12-01 22:53:30,534 [main] [org.springframework.test.web.servlet.TestDispatcherServlet]-[DEBUG] Using LocaleResolver [org.springframework.web.servlet.i18n.AcceptHeaderLocaleResolver@57a40a9f]
2016-12-01 22:53:30,534 [main] [org.springframework.test.web.servlet.TestDispatcherServlet]-[DEBUG] Using ThemeResolver [org.springframework.web.servlet.theme.FixedThemeResolver@52b579ac]
2016-12-01 22:53:30,534 [main] [org.springframework.test.web.servlet.TestDispatcherServlet]-[DEBUG] Using RequestToViewNameTranslator [org.springframework.web.servlet.view.DefaultRequestToViewNameTranslator@84735a0]
2016-12-01 22:53:30,534 [main] [org.springframework.test.web.servlet.TestDispatcherServlet]-[DEBUG] Using FlashMapManager [org.springframework.web.servlet.support.SessionFlashMapManager@7b119f9e]
2016-12-01 22:53:30,534 [main] [org.springframework.test.web.servlet.TestDispatcherServlet]-[DEBUG] Published WebApplicationContext of servlet &apos;&apos; as ServletContext attribute with name [org.springframework.web.servlet.FrameworkServlet.CONTEXT.]
2016-12-01 22:53:30,534 [main] [org.springframework.test.web.servlet.TestDispatcherServlet]-[INFO] FrameworkServlet &apos;&apos;: initialization completed in 3 ms
2016-12-01 22:53:30,535 [main] [org.springframework.test.web.servlet.TestDispatcherServlet]-[DEBUG] Servlet &apos;&apos; configured successfully
</system-out>
  </testcase>
  <testcase time="0" classname="terence.web.HomeControllerTest" name="shouldShowRecentSpittles"/>
</testsuite>